<?xml version="1.0" encoding="UTF-8"?>
<testsuites name="Maintenance" time="262.006" tests="2" failures="0" errors="2">
   <testsuite name="Maintenance" tests="2" failures="0" errors="2" time="262.006" timestamp="2020-02-26 20:32:09" hostname="Yogi Moch Nur - DESKTOP-DB1MUI4" id="Test Suites/Maintenance">
      <properties>
         <property name="deviceName" value=""/>
         <property name="devicePlatform" value=""/>
         <property name="logFolder" value="C:\\Users\\Yogi Moch Nur\\git\\katalonbik\\Reports\\20200226_203205\\Maintenance\\20200226_203205"/>
         <property name="logFiles" value="C:\\Users\\Yogi Moch Nur\\git\\katalonbik\\Reports\\20200226_203205\\Maintenance\\20200226_203205\\execution0.log"/>
         <property name="attachments" value=""/>
         <property name="hostName" value="Yogi Moch Nur - DESKTOP-DB1MUI4"/>
         <property name="os" value="Windows 10 64bit"/>
         <property name="katalonVersion" value="7.2.1.1"/>
         <property name="browser" value="Firefox 73.0"/>
         <property name="hostAddress" value="192.168.71.60"/>
         <property name="sessionId" value="ea1e6f9f-8883-40eb-bcab-6cc813949989"/>
         <property name="seleniumVersion" value="3.141.59"/>
         <property name="proxyInformation" value="ProxyInformation{proxyOption=NO_PROXY, proxyServerType=HTTP, password=, proxyServerAddress=, proxyServerPort=0, executionList=}"/>
         <property name="platform" value="Windows 10"/>
      </properties>
      <testcase name="Test Cases/Maintenance 1" time="133.558" classname="Test Cases/Maintenance 1" status="ERROR">
         <error type="ERROR" message="Test Cases/Maintenance 1 FAILED.
Reason:
groovy.lang.MissingPropertyException: No such property: Keys for class: Script1582711128521
	at Maintenance 1.run(Maintenance 1:118)
	at com.kms.katalon.core.main.ScriptEngine.run(ScriptEngine.java:194)
	at com.kms.katalon.core.main.ScriptEngine.runScriptAsRawText(ScriptEngine.java:119)
	at com.kms.katalon.core.main.TestCaseExecutor.runScript(TestCaseExecutor.java:337)
	at com.kms.katalon.core.main.TestCaseExecutor.doExecute(TestCaseExecutor.java:328)
	at com.kms.katalon.core.main.TestCaseExecutor.processExecutionPhase(TestCaseExecutor.java:307)
	at com.kms.katalon.core.main.TestCaseExecutor.accessMainPhase(TestCaseExecutor.java:299)
	at com.kms.katalon.core.main.TestCaseExecutor.execute(TestCaseExecutor.java:233)
	at com.kms.katalon.core.main.TestSuiteExecutor.accessTestCaseMainPhase(TestSuiteExecutor.java:169)
	at com.kms.katalon.core.main.TestSuiteExecutor.accessTestSuiteMainPhase(TestSuiteExecutor.java:142)
	at com.kms.katalon.core.main.TestSuiteExecutor.execute(TestSuiteExecutor.java:91)
	at com.kms.katalon.core.main.TestCaseMain.startTestSuite(TestCaseMain.java:157)
	at com.kms.katalon.core.main.TestCaseMain$startTestSuite$0.call(Unknown Source)
	at TempTestSuite1582723925888.run(TempTestSuite1582723925888.groovy:36)
"/>
         <system-out><![CDATA[2020-02-26 20:32:10 - [TEST_CASE][ERROR] - Test Cases/Maintenance 1: Test Cases/Maintenance 1 FAILED.
Reason:
groovy.lang.MissingPropertyException: No such property: Keys for class: Script1582711128521
	at Maintenance 1.run(Maintenance 1:118)
	at com.kms.katalon.core.main.ScriptEngine.run(ScriptEngine.java:194)
	at com.kms.katalon.core.main.ScriptEngine.runScriptAsRawText(ScriptEngine.java:119)
	at com.kms.katalon.core.main.TestCaseExecutor.runScript(TestCaseExecutor.java:337)
	at com.kms.katalon.core.main.TestCaseExecutor.doExecute(TestCaseExecutor.java:328)
	at com.kms.katalon.core.main.TestCaseExecutor.processExecutionPhase(TestCaseExecutor.java:307)
	at com.kms.katalon.core.main.TestCaseExecutor.accessMainPhase(TestCaseExecutor.java:299)
	at com.kms.katalon.core.main.TestCaseExecutor.execute(TestCaseExecutor.java:233)
	at com.kms.katalon.core.main.TestSuiteExecutor.accessTestCaseMainPhase(TestSuiteExecutor.java:169)
	at com.kms.katalon.core.main.TestSuiteExecutor.accessTestSuiteMainPhase(TestSuiteExecutor.java:142)
	at com.kms.katalon.core.main.TestSuiteExecutor.execute(TestSuiteExecutor.java:91)
	at com.kms.katalon.core.main.TestCaseMain.startTestSuite(TestCaseMain.java:157)
	at com.kms.katalon.core.main.TestCaseMain$startTestSuite$0.call(Unknown Source)
	at TempTestSuite1582723925888.run(TempTestSuite1582723925888.groovy:36)


2020-02-26 20:32:11 - [TEST_STEP][PASSED] - openBrowser(""): Browser is opened with url: ''

2020-02-26 20:32:11 - [MESSAGE][INFO] - Starting 'Firefox' driver

2020-02-26 20:32:11 - [MESSAGE][INFO] - Action delay is set to 0 seconds

2020-02-26 20:32:20 - [MESSAGE][PASSED] - Browser is opened with url: ''

2020-02-26 20:32:20 - [TEST_STEP][PASSED] - navigateToUrl("https://twitter.com"): Navigate to 'https://twitter.com' successfully

2020-02-26 20:32:22 - [MESSAGE][PASSED] - Navigate to 'https://twitter.com' successfully

2020-02-26 20:32:22 - [TEST_STEP][PASSED] - delay(5): Delayed 5 second(s)

2020-02-26 20:32:27 - [MESSAGE][PASSED] - Delayed 5 second(s)

2020-02-26 20:32:27 - [TEST_STEP][PASSED] - click(findTestObject("Maintenance/Halaman Awal/div_Log in")): Object: 'Object Repository/Maintenance/Halaman Awal/div_Log in' is clicked on

2020-02-26 20:32:28 - [MESSAGE][PASSED] - Object: 'Object Repository/Maintenance/Halaman Awal/div_Log in' is clicked on

2020-02-26 20:32:28 - [TEST_STEP][PASSED] - setText(findTestObject("Maintenance/Halaman Login/input_Phone email or username_sessionusername_or_email"), findTestData("data1").getValue(1, 1)): Text 'jeromepolinnnn' is set on object 'Object Repository/Maintenance/Halaman Login/input_Phone email or username_sessionusername_or_email'

2020-02-26 20:32:35 - [MESSAGE][PASSED] - Text 'jeromepolinnnn' is set on object 'Object Repository/Maintenance/Halaman Login/input_Phone email or username_sessionusername_or_email'

2020-02-26 20:32:35 - [TEST_STEP][PASSED] - setText(findTestObject("Maintenance/Halaman Login/input_Password_sessionpassword"), findTestData("data1").getValue(2, 1)): Text 'indraramdan123' is set on object 'Object Repository/Maintenance/Halaman Login/input_Password_sessionpassword'

2020-02-26 20:32:36 - [MESSAGE][PASSED] - Text 'indraramdan123' is set on object 'Object Repository/Maintenance/Halaman Login/input_Password_sessionpassword'

2020-02-26 20:32:36 - [TEST_STEP][PASSED] - click(findTestObject("Maintenance/Halaman Login/div_Log in")): Object: 'Object Repository/Maintenance/Halaman Login/div_Log in' is clicked on

2020-02-26 20:32:38 - [MESSAGE][PASSED] - Object: 'Object Repository/Maintenance/Halaman Login/div_Log in' is clicked on

2020-02-26 20:32:38 - [TEST_STEP][PASSED] - delay(10): Delayed 10 second(s)

2020-02-26 20:32:48 - [MESSAGE][PASSED] - Delayed 10 second(s)

2020-02-26 20:32:48 - [TEST_STEP][PASSED] - scrollToPosition(0, 9): Browser is scrolled to position x = 0, y = 9

2020-02-26 20:32:48 - [MESSAGE][PASSED] - Browser is scrolled to position x = 0, y = 9

2020-02-26 20:32:48 - [TEST_STEP][PASSED] - delay(10): Delayed 10 second(s)

2020-02-26 20:32:58 - [MESSAGE][PASSED] - Delayed 10 second(s)

2020-02-26 20:32:58 - [TEST_STEP][PASSED] - scrollToPosition(0, 99): Browser is scrolled to position x = 0, y = 99

2020-02-26 20:32:58 - [MESSAGE][PASSED] - Browser is scrolled to position x = 0, y = 99

2020-02-26 20:32:58 - [TEST_STEP][PASSED] - delay(10): Delayed 10 second(s)

2020-02-26 20:33:08 - [MESSAGE][PASSED] - Delayed 10 second(s)

2020-02-26 20:33:08 - [TEST_STEP][PASSED] - scrollToPosition(0, 999): Browser is scrolled to position x = 0, y = 999

2020-02-26 20:33:08 - [MESSAGE][PASSED] - Browser is scrolled to position x = 0, y = 999

2020-02-26 20:33:08 - [TEST_STEP][PASSED] - delay(10): Delayed 10 second(s)

2020-02-26 20:33:18 - [MESSAGE][PASSED] - Delayed 10 second(s)

2020-02-26 20:33:18 - [TEST_STEP][PASSED] - scrollToPosition(0, 9999): Browser is scrolled to position x = 0, y = 9999

2020-02-26 20:33:18 - [MESSAGE][PASSED] - Browser is scrolled to position x = 0, y = 9999

2020-02-26 20:33:18 - [TEST_STEP][NOT_RUN] - sendKeys(findTestObject(null), Keys.chord(HOME)): NOT_RUN: sendKeys(findTestObject(null), Keys.chord(HOME))

2020-02-26 20:33:18 - [MESSAGE][NOT_RUN] - NOT_RUN: sendKeys(findTestObject(null), Keys.chord(HOME))

2020-02-26 20:33:18 - [TEST_STEP][NOT_RUN] - delay(5): NOT_RUN: delay(5)

2020-02-26 20:33:18 - [MESSAGE][NOT_RUN] - NOT_RUN: delay(5)

2020-02-26 20:33:18 - [TEST_STEP][NOT_RUN] - setText(findTestObject("Maintenance/Search Mutualan"), "mutualan rt"): NOT_RUN: setText(findTestObject("Maintenance/Search Mutualan"), "mutualan rt")

2020-02-26 20:33:18 - [MESSAGE][NOT_RUN] - NOT_RUN: setText(findTestObject("Maintenance/Search Mutualan"), "mutualan rt")

2020-02-26 20:33:18 - [TEST_STEP][NOT_RUN] - delay(5): NOT_RUN: delay(5)

2020-02-26 20:33:18 - [MESSAGE][NOT_RUN] - NOT_RUN: delay(5)

2020-02-26 20:33:18 - [TEST_STEP][NOT_RUN] - click(findTestObject("Maintenance/Klik Span Mutualan RT"), STOP_ON_FAILURE): NOT_RUN: click(findTestObject("Maintenance/Klik Span Mutualan RT"), STOP_ON_FAILURE)

2020-02-26 20:33:18 - [MESSAGE][NOT_RUN] - NOT_RUN: click(findTestObject("Maintenance/Klik Span Mutualan RT"), STOP_ON_FAILURE)

2020-02-26 20:33:18 - [TEST_STEP][NOT_RUN] - delay(20): NOT_RUN: delay(20)

2020-02-26 20:33:18 - [MESSAGE][NOT_RUN] - NOT_RUN: delay(20)

2020-02-26 20:33:18 - [TEST_STEP][NOT_RUN] - click(findTestObject("Maintenance/Klik Tweet Pertama Mutualan")): NOT_RUN: click(findTestObject("Maintenance/Klik Tweet Pertama Mutualan"))

2020-02-26 20:33:18 - [MESSAGE][NOT_RUN] - NOT_RUN: click(findTestObject("Maintenance/Klik Tweet Pertama Mutualan"))

2020-02-26 20:33:18 - [TEST_STEP][NOT_RUN] - delay(10): NOT_RUN: delay(10)

2020-02-26 20:33:18 - [MESSAGE][NOT_RUN] - NOT_RUN: delay(10)

2020-02-26 20:33:18 - [TEST_STEP][NOT_RUN] - click(findTestObject("Maintenance/Klik Retweet")): NOT_RUN: click(findTestObject("Maintenance/Klik Retweet"))

2020-02-26 20:33:18 - [MESSAGE][NOT_RUN] - NOT_RUN: click(findTestObject("Maintenance/Klik Retweet"))

2020-02-26 20:33:18 - [TEST_STEP][NOT_RUN] - delay(10): NOT_RUN: delay(10)

2020-02-26 20:33:18 - [MESSAGE][NOT_RUN] - NOT_RUN: delay(10)

2020-02-26 20:33:18 - [TEST_STEP][NOT_RUN] - click(findTestObject("Maintenance/Follow 1")): NOT_RUN: click(findTestObject("Maintenance/Follow 1"))

2020-02-26 20:33:18 - [MESSAGE][NOT_RUN] - NOT_RUN: click(findTestObject("Maintenance/Follow 1"))

2020-02-26 20:33:18 - [TEST_STEP][NOT_RUN] - delay(10): NOT_RUN: delay(10)

2020-02-26 20:33:18 - [MESSAGE][NOT_RUN] - NOT_RUN: delay(10)

2020-02-26 20:33:18 - [TEST_STEP][NOT_RUN] - click(findTestObject("Maintenance/Follow 2")): NOT_RUN: click(findTestObject("Maintenance/Follow 2"))

2020-02-26 20:33:18 - [MESSAGE][NOT_RUN] - NOT_RUN: click(findTestObject("Maintenance/Follow 2"))

2020-02-26 20:33:18 - [TEST_STEP][NOT_RUN] - delay(20): NOT_RUN: delay(20)

2020-02-26 20:33:18 - [MESSAGE][NOT_RUN] - NOT_RUN: delay(20)

2020-02-26 20:33:18 - [TEST_STEP][NOT_RUN] - click(findTestObject("Maintenance/Follow 3")): NOT_RUN: click(findTestObject("Maintenance/Follow 3"))

2020-02-26 20:33:18 - [MESSAGE][NOT_RUN] - NOT_RUN: click(findTestObject("Maintenance/Follow 3"))

2020-02-26 20:33:18 - [TEST_STEP][NOT_RUN] - delay(15): NOT_RUN: delay(15)

2020-02-26 20:33:18 - [MESSAGE][NOT_RUN] - NOT_RUN: delay(15)

2020-02-26 20:33:18 - [TEST_STEP][NOT_RUN] - click(findTestObject("Maintenance/Follow 4")): NOT_RUN: click(findTestObject("Maintenance/Follow 4"))

2020-02-26 20:33:18 - [MESSAGE][NOT_RUN] - NOT_RUN: click(findTestObject("Maintenance/Follow 4"))

2020-02-26 20:33:18 - [TEST_STEP][NOT_RUN] - delay(10): NOT_RUN: delay(10)

2020-02-26 20:33:18 - [MESSAGE][NOT_RUN] - NOT_RUN: delay(10)

2020-02-26 20:33:18 - [TEST_STEP][NOT_RUN] - click(findTestObject("Maintenance/Follow 5")): NOT_RUN: click(findTestObject("Maintenance/Follow 5"))

2020-02-26 20:33:18 - [MESSAGE][NOT_RUN] - NOT_RUN: click(findTestObject("Maintenance/Follow 5"))

2020-02-26 20:33:18 - [TEST_STEP][NOT_RUN] - delay(15): NOT_RUN: delay(15)

2020-02-26 20:33:18 - [MESSAGE][NOT_RUN] - NOT_RUN: delay(15)

2020-02-26 20:33:18 - [TEST_STEP][NOT_RUN] - click(findTestObject("Maintenance/Button Close")): NOT_RUN: click(findTestObject("Maintenance/Button Close"))

2020-02-26 20:33:18 - [MESSAGE][NOT_RUN] - NOT_RUN: click(findTestObject("Maintenance/Button Close"))

2020-02-26 20:33:18 - [TEST_STEP][NOT_RUN] - delay(5): NOT_RUN: delay(5)

2020-02-26 20:33:18 - [MESSAGE][NOT_RUN] - NOT_RUN: delay(5)

2020-02-26 20:33:18 - [TEST_STEP][NOT_RUN] - click(findTestObject("Maintenance/Button Home")): NOT_RUN: click(findTestObject("Maintenance/Button Home"))

2020-02-26 20:33:18 - [MESSAGE][NOT_RUN] - NOT_RUN: click(findTestObject("Maintenance/Button Home"))

2020-02-26 20:33:18 - [TEST_STEP][NOT_RUN] - delay(10): NOT_RUN: delay(10)

2020-02-26 20:33:18 - [MESSAGE][NOT_RUN] - NOT_RUN: delay(10)

2020-02-26 20:33:18 - [TEST_STEP][PASSED] - click(findTestObject("Maintenance/Button Explore")): Object: 'Object Repository/Maintenance/Button Explore' is clicked on

2020-02-26 20:33:41 - [MESSAGE][PASSED] - Object: 'Object Repository/Maintenance/Button Explore' is clicked on

2020-02-26 20:33:41 - [TEST_STEP][PASSED] - click(findTestObject("Maintenance/Show More Hastag")): Object: 'Object Repository/Maintenance/Show More Hastag' is clicked on

2020-02-26 20:33:43 - [MESSAGE][PASSED] - Object: 'Object Repository/Maintenance/Show More Hastag' is clicked on

2020-02-26 20:33:43 - [TEST_STEP][PASSED] - delay(10): Delayed 10 second(s)

2020-02-26 20:33:53 - [MESSAGE][PASSED] - Delayed 10 second(s)

2020-02-26 20:33:53 - [TEST_STEP][PASSED] - scrollToPosition(0, 9): Browser is scrolled to position x = 0, y = 9

2020-02-26 20:33:53 - [MESSAGE][PASSED] - Browser is scrolled to position x = 0, y = 9

2020-02-26 20:33:53 - [TEST_STEP][PASSED] - delay(10): Delayed 10 second(s)

2020-02-26 20:34:03 - [MESSAGE][PASSED] - Delayed 10 second(s)

2020-02-26 20:34:03 - [TEST_STEP][PASSED] - scrollToPosition(0, 99): Browser is scrolled to position x = 0, y = 99

2020-02-26 20:34:03 - [MESSAGE][PASSED] - Browser is scrolled to position x = 0, y = 99

2020-02-26 20:34:03 - [TEST_STEP][PASSED] - delay(10): Delayed 10 second(s)

2020-02-26 20:34:13 - [MESSAGE][PASSED] - Delayed 10 second(s)

2020-02-26 20:34:13 - [TEST_STEP][PASSED] - scrollToPosition(0, 999): Browser is scrolled to position x = 0, y = 999

2020-02-26 20:34:13 - [MESSAGE][PASSED] - Browser is scrolled to position x = 0, y = 999

2020-02-26 20:34:13 - [TEST_STEP][PASSED] - delay(10): Delayed 10 second(s)

2020-02-26 20:34:23 - [MESSAGE][PASSED] - Delayed 10 second(s)

2020-02-26 20:34:23 - [TEST_STEP][PASSED] - scrollToPosition(0, 9999): Browser is scrolled to position x = 0, y = 9999

2020-02-26 20:34:23 - [MESSAGE][PASSED] - Browser is scrolled to position x = 0, y = 9999

2020-02-26 20:34:23 - [TEST_STEP][PASSED] - sendKeys(findTestObject(null), Keys.chord(HOME)): Test object id is null

2020-02-26 20:34:23 - [MESSAGE][WARNING] - Test object id is null]]></system-out>
         <system-err><![CDATA[2020-02-26 20:32:10 - [TEST_CASE][ERROR] - Test Cases/Maintenance 1: Test Cases/Maintenance 1 FAILED.
Reason:
groovy.lang.MissingPropertyException: No such property: Keys for class: Script1582711128521
	at Maintenance 1.run(Maintenance 1:118)
	at com.kms.katalon.core.main.ScriptEngine.run(ScriptEngine.java:194)
	at com.kms.katalon.core.main.ScriptEngine.runScriptAsRawText(ScriptEngine.java:119)
	at com.kms.katalon.core.main.TestCaseExecutor.runScript(TestCaseExecutor.java:337)
	at com.kms.katalon.core.main.TestCaseExecutor.doExecute(TestCaseExecutor.java:328)
	at com.kms.katalon.core.main.TestCaseExecutor.processExecutionPhase(TestCaseExecutor.java:307)
	at com.kms.katalon.core.main.TestCaseExecutor.accessMainPhase(TestCaseExecutor.java:299)
	at com.kms.katalon.core.main.TestCaseExecutor.execute(TestCaseExecutor.java:233)
	at com.kms.katalon.core.main.TestSuiteExecutor.accessTestCaseMainPhase(TestSuiteExecutor.java:169)
	at com.kms.katalon.core.main.TestSuiteExecutor.accessTestSuiteMainPhase(TestSuiteExecutor.java:142)
	at com.kms.katalon.core.main.TestSuiteExecutor.execute(TestSuiteExecutor.java:91)
	at com.kms.katalon.core.main.TestCaseMain.startTestSuite(TestCaseMain.java:157)
	at com.kms.katalon.core.main.TestCaseMain$startTestSuite$0.call(Unknown Source)
	at TempTestSuite1582723925888.run(TempTestSuite1582723925888.groovy:36)]]></system-err>
      </testcase>
      <testcase name="Test Cases/Maintenance 2" time="112.599" classname="Test Cases/Maintenance 2" status="ERROR">
         <error type="ERROR" message="Test Cases/Maintenance 2 FAILED.
Reason:
groovy.lang.MissingPropertyException: No such property: Keys for class: Script1582713003263
	at Maintenance 2.run(Maintenance 2:118)
	at com.kms.katalon.core.main.ScriptEngine.run(ScriptEngine.java:194)
	at com.kms.katalon.core.main.ScriptEngine.runScriptAsRawText(ScriptEngine.java:119)
	at com.kms.katalon.core.main.TestCaseExecutor.runScript(TestCaseExecutor.java:337)
	at com.kms.katalon.core.main.TestCaseExecutor.doExecute(TestCaseExecutor.java:328)
	at com.kms.katalon.core.main.TestCaseExecutor.processExecutionPhase(TestCaseExecutor.java:307)
	at com.kms.katalon.core.main.TestCaseExecutor.accessMainPhase(TestCaseExecutor.java:299)
	at com.kms.katalon.core.main.TestCaseExecutor.execute(TestCaseExecutor.java:233)
	at com.kms.katalon.core.main.TestSuiteExecutor.accessTestCaseMainPhase(TestSuiteExecutor.java:169)
	at com.kms.katalon.core.main.TestSuiteExecutor.accessTestSuiteMainPhase(TestSuiteExecutor.java:142)
	at com.kms.katalon.core.main.TestSuiteExecutor.execute(TestSuiteExecutor.java:91)
	at com.kms.katalon.core.main.TestCaseMain.startTestSuite(TestCaseMain.java:157)
	at com.kms.katalon.core.main.TestCaseMain$startTestSuite$0.call(Unknown Source)
	at TempTestSuite1582723925888.run(TempTestSuite1582723925888.groovy:36)
"/>
         <system-out><![CDATA[2020-02-26 20:34:23 - [TEST_CASE][ERROR] - Test Cases/Maintenance 2: Test Cases/Maintenance 2 FAILED.
Reason:
groovy.lang.MissingPropertyException: No such property: Keys for class: Script1582713003263
	at Maintenance 2.run(Maintenance 2:118)
	at com.kms.katalon.core.main.ScriptEngine.run(ScriptEngine.java:194)
	at com.kms.katalon.core.main.ScriptEngine.runScriptAsRawText(ScriptEngine.java:119)
	at com.kms.katalon.core.main.TestCaseExecutor.runScript(TestCaseExecutor.java:337)
	at com.kms.katalon.core.main.TestCaseExecutor.doExecute(TestCaseExecutor.java:328)
	at com.kms.katalon.core.main.TestCaseExecutor.processExecutionPhase(TestCaseExecutor.java:307)
	at com.kms.katalon.core.main.TestCaseExecutor.accessMainPhase(TestCaseExecutor.java:299)
	at com.kms.katalon.core.main.TestCaseExecutor.execute(TestCaseExecutor.java:233)
	at com.kms.katalon.core.main.TestSuiteExecutor.accessTestCaseMainPhase(TestSuiteExecutor.java:169)
	at com.kms.katalon.core.main.TestSuiteExecutor.accessTestSuiteMainPhase(TestSuiteExecutor.java:142)
	at com.kms.katalon.core.main.TestSuiteExecutor.execute(TestSuiteExecutor.java:91)
	at com.kms.katalon.core.main.TestCaseMain.startTestSuite(TestCaseMain.java:157)
	at com.kms.katalon.core.main.TestCaseMain$startTestSuite$0.call(Unknown Source)
	at TempTestSuite1582723925888.run(TempTestSuite1582723925888.groovy:36)


2020-02-26 20:34:24 - [TEST_STEP][PASSED] - openBrowser(""): Browser is opened with url: ''

2020-02-26 20:34:24 - [MESSAGE][WARNING] - A browser is already opened. Closing browser and opening a new one

2020-02-26 20:34:27 - [MESSAGE][INFO] - Starting 'Firefox' driver

2020-02-26 20:34:32 - [MESSAGE][PASSED] - Browser is opened with url: ''

2020-02-26 20:34:32 - [TEST_STEP][PASSED] - navigateToUrl("https://twitter.com"): Navigate to 'https://twitter.com' successfully

2020-02-26 20:34:36 - [MESSAGE][PASSED] - Navigate to 'https://twitter.com' successfully

2020-02-26 20:34:36 - [TEST_STEP][PASSED] - delay(5): Delayed 5 second(s)

2020-02-26 20:34:41 - [MESSAGE][PASSED] - Delayed 5 second(s)

2020-02-26 20:34:41 - [TEST_STEP][PASSED] - click(findTestObject("Maintenance/Halaman Awal/div_Log in")): Object: 'Object Repository/Maintenance/Halaman Awal/div_Log in' is clicked on

2020-02-26 20:34:41 - [MESSAGE][PASSED] - Object: 'Object Repository/Maintenance/Halaman Awal/div_Log in' is clicked on

2020-02-26 20:34:41 - [TEST_STEP][PASSED] - setText(findTestObject("Maintenance/Halaman Login/input_Phone email or username_sessionusername_or_email"), findTestData("data1").getValue(1, 2)): Text 'mizinkoma' is set on object 'Object Repository/Maintenance/Halaman Login/input_Phone email or username_sessionusername_or_email'

2020-02-26 20:34:42 - [MESSAGE][PASSED] - Text 'mizinkoma' is set on object 'Object Repository/Maintenance/Halaman Login/input_Phone email or username_sessionusername_or_email'

2020-02-26 20:34:42 - [TEST_STEP][PASSED] - setText(findTestObject("Maintenance/Halaman Login/input_Password_sessionpassword"), findTestData("data1").getValue(2, 2)): Text 'indraramdan123' is set on object 'Object Repository/Maintenance/Halaman Login/input_Password_sessionpassword'

2020-02-26 20:34:43 - [MESSAGE][PASSED] - Text 'indraramdan123' is set on object 'Object Repository/Maintenance/Halaman Login/input_Password_sessionpassword'

2020-02-26 20:34:43 - [TEST_STEP][PASSED] - click(findTestObject("Maintenance/Halaman Login/div_Log in")): Object: 'Object Repository/Maintenance/Halaman Login/div_Log in' is clicked on

2020-02-26 20:34:45 - [MESSAGE][PASSED] - Object: 'Object Repository/Maintenance/Halaman Login/div_Log in' is clicked on

2020-02-26 20:34:45 - [TEST_STEP][PASSED] - delay(10): Delayed 10 second(s)

2020-02-26 20:34:55 - [MESSAGE][PASSED] - Delayed 10 second(s)

2020-02-26 20:34:55 - [TEST_STEP][PASSED] - scrollToPosition(0, 9): Browser is scrolled to position x = 0, y = 9

2020-02-26 20:34:55 - [MESSAGE][PASSED] - Browser is scrolled to position x = 0, y = 9

2020-02-26 20:34:55 - [TEST_STEP][PASSED] - delay(10): Delayed 10 second(s)

2020-02-26 20:35:05 - [MESSAGE][PASSED] - Delayed 10 second(s)

2020-02-26 20:35:05 - [TEST_STEP][PASSED] - scrollToPosition(0, 99): Browser is scrolled to position x = 0, y = 99

2020-02-26 20:35:05 - [MESSAGE][PASSED] - Browser is scrolled to position x = 0, y = 99

2020-02-26 20:35:05 - [TEST_STEP][PASSED] - delay(10): Delayed 10 second(s)

2020-02-26 20:35:15 - [MESSAGE][PASSED] - Delayed 10 second(s)

2020-02-26 20:35:15 - [TEST_STEP][PASSED] - scrollToPosition(0, 999): Browser is scrolled to position x = 0, y = 999

2020-02-26 20:35:15 - [MESSAGE][PASSED] - Browser is scrolled to position x = 0, y = 999

2020-02-26 20:35:15 - [TEST_STEP][PASSED] - delay(10): Delayed 10 second(s)

2020-02-26 20:35:25 - [MESSAGE][PASSED] - Delayed 10 second(s)

2020-02-26 20:35:25 - [TEST_STEP][PASSED] - scrollToPosition(0, 9999): Browser is scrolled to position x = 0, y = 9999

2020-02-26 20:35:25 - [MESSAGE][PASSED] - Browser is scrolled to position x = 0, y = 9999

2020-02-26 20:35:25 - [TEST_STEP][NOT_RUN] - sendKeys(findTestObject(null), Keys.chord(HOME)): NOT_RUN: sendKeys(findTestObject(null), Keys.chord(HOME))

2020-02-26 20:35:25 - [MESSAGE][NOT_RUN] - NOT_RUN: sendKeys(findTestObject(null), Keys.chord(HOME))

2020-02-26 20:35:25 - [TEST_STEP][NOT_RUN] - delay(5): NOT_RUN: delay(5)

2020-02-26 20:35:25 - [MESSAGE][NOT_RUN] - NOT_RUN: delay(5)

2020-02-26 20:35:25 - [TEST_STEP][NOT_RUN] - setText(findTestObject("Maintenance/Search Mutualan"), "mutualan rt"): NOT_RUN: setText(findTestObject("Maintenance/Search Mutualan"), "mutualan rt")

2020-02-26 20:35:25 - [MESSAGE][NOT_RUN] - NOT_RUN: setText(findTestObject("Maintenance/Search Mutualan"), "mutualan rt")

2020-02-26 20:35:25 - [TEST_STEP][NOT_RUN] - delay(5): NOT_RUN: delay(5)

2020-02-26 20:35:25 - [MESSAGE][NOT_RUN] - NOT_RUN: delay(5)

2020-02-26 20:35:25 - [TEST_STEP][NOT_RUN] - click(findTestObject("Maintenance/Klik Span Mutualan RT"), STOP_ON_FAILURE): NOT_RUN: click(findTestObject("Maintenance/Klik Span Mutualan RT"), STOP_ON_FAILURE)

2020-02-26 20:35:25 - [MESSAGE][NOT_RUN] - NOT_RUN: click(findTestObject("Maintenance/Klik Span Mutualan RT"), STOP_ON_FAILURE)

2020-02-26 20:35:25 - [TEST_STEP][NOT_RUN] - delay(20): NOT_RUN: delay(20)

2020-02-26 20:35:25 - [MESSAGE][NOT_RUN] - NOT_RUN: delay(20)

2020-02-26 20:35:25 - [TEST_STEP][NOT_RUN] - click(findTestObject("Maintenance/Klik Tweet Pertama Mutualan")): NOT_RUN: click(findTestObject("Maintenance/Klik Tweet Pertama Mutualan"))

2020-02-26 20:35:25 - [MESSAGE][NOT_RUN] - NOT_RUN: click(findTestObject("Maintenance/Klik Tweet Pertama Mutualan"))

2020-02-26 20:35:25 - [TEST_STEP][NOT_RUN] - delay(10): NOT_RUN: delay(10)

2020-02-26 20:35:25 - [MESSAGE][NOT_RUN] - NOT_RUN: delay(10)

2020-02-26 20:35:25 - [TEST_STEP][NOT_RUN] - click(findTestObject("Maintenance/Klik Retweet")): NOT_RUN: click(findTestObject("Maintenance/Klik Retweet"))

2020-02-26 20:35:25 - [MESSAGE][NOT_RUN] - NOT_RUN: click(findTestObject("Maintenance/Klik Retweet"))

2020-02-26 20:35:25 - [TEST_STEP][NOT_RUN] - delay(10): NOT_RUN: delay(10)

2020-02-26 20:35:25 - [MESSAGE][NOT_RUN] - NOT_RUN: delay(10)

2020-02-26 20:35:25 - [TEST_STEP][NOT_RUN] - click(findTestObject("Maintenance/Follow 1")): NOT_RUN: click(findTestObject("Maintenance/Follow 1"))

2020-02-26 20:35:25 - [MESSAGE][NOT_RUN] - NOT_RUN: click(findTestObject("Maintenance/Follow 1"))

2020-02-26 20:35:25 - [TEST_STEP][NOT_RUN] - delay(10): NOT_RUN: delay(10)

2020-02-26 20:35:25 - [MESSAGE][NOT_RUN] - NOT_RUN: delay(10)

2020-02-26 20:35:25 - [TEST_STEP][NOT_RUN] - click(findTestObject("Maintenance/Follow 2")): NOT_RUN: click(findTestObject("Maintenance/Follow 2"))

2020-02-26 20:35:25 - [MESSAGE][NOT_RUN] - NOT_RUN: click(findTestObject("Maintenance/Follow 2"))

2020-02-26 20:35:25 - [TEST_STEP][NOT_RUN] - delay(20): NOT_RUN: delay(20)

2020-02-26 20:35:25 - [MESSAGE][NOT_RUN] - NOT_RUN: delay(20)

2020-02-26 20:35:25 - [TEST_STEP][NOT_RUN] - click(findTestObject("Maintenance/Follow 3")): NOT_RUN: click(findTestObject("Maintenance/Follow 3"))

2020-02-26 20:35:25 - [MESSAGE][NOT_RUN] - NOT_RUN: click(findTestObject("Maintenance/Follow 3"))

2020-02-26 20:35:25 - [TEST_STEP][NOT_RUN] - delay(15): NOT_RUN: delay(15)

2020-02-26 20:35:25 - [MESSAGE][NOT_RUN] - NOT_RUN: delay(15)

2020-02-26 20:35:25 - [TEST_STEP][NOT_RUN] - click(findTestObject("Maintenance/Follow 4")): NOT_RUN: click(findTestObject("Maintenance/Follow 4"))

2020-02-26 20:35:25 - [MESSAGE][NOT_RUN] - NOT_RUN: click(findTestObject("Maintenance/Follow 4"))

2020-02-26 20:35:25 - [TEST_STEP][NOT_RUN] - delay(10): NOT_RUN: delay(10)

2020-02-26 20:35:25 - [MESSAGE][NOT_RUN] - NOT_RUN: delay(10)

2020-02-26 20:35:25 - [TEST_STEP][NOT_RUN] - click(findTestObject("Maintenance/Follow 5")): NOT_RUN: click(findTestObject("Maintenance/Follow 5"))

2020-02-26 20:35:25 - [MESSAGE][NOT_RUN] - NOT_RUN: click(findTestObject("Maintenance/Follow 5"))

2020-02-26 20:35:25 - [TEST_STEP][NOT_RUN] - delay(15): NOT_RUN: delay(15)

2020-02-26 20:35:25 - [MESSAGE][NOT_RUN] - NOT_RUN: delay(15)

2020-02-26 20:35:25 - [TEST_STEP][NOT_RUN] - click(findTestObject("Maintenance/Button Close")): NOT_RUN: click(findTestObject("Maintenance/Button Close"))

2020-02-26 20:35:25 - [MESSAGE][NOT_RUN] - NOT_RUN: click(findTestObject("Maintenance/Button Close"))

2020-02-26 20:35:25 - [TEST_STEP][NOT_RUN] - delay(5): NOT_RUN: delay(5)

2020-02-26 20:35:25 - [MESSAGE][NOT_RUN] - NOT_RUN: delay(5)

2020-02-26 20:35:25 - [TEST_STEP][NOT_RUN] - click(findTestObject("Maintenance/Button Home")): NOT_RUN: click(findTestObject("Maintenance/Button Home"))

2020-02-26 20:35:25 - [MESSAGE][NOT_RUN] - NOT_RUN: click(findTestObject("Maintenance/Button Home"))

2020-02-26 20:35:25 - [TEST_STEP][NOT_RUN] - delay(10): NOT_RUN: delay(10)

2020-02-26 20:35:25 - [MESSAGE][NOT_RUN] - NOT_RUN: delay(10)

2020-02-26 20:35:25 - [TEST_STEP][PASSED] - click(findTestObject("Maintenance/Button Explore")): Object: 'Object Repository/Maintenance/Button Explore' is clicked on

2020-02-26 20:35:34 - [MESSAGE][PASSED] - Object: 'Object Repository/Maintenance/Button Explore' is clicked on

2020-02-26 20:35:34 - [TEST_STEP][PASSED] - click(findTestObject("Maintenance/Show More Hastag")): Object: 'Object Repository/Maintenance/Show More Hastag' is clicked on

2020-02-26 20:35:36 - [MESSAGE][PASSED] - Object: 'Object Repository/Maintenance/Show More Hastag' is clicked on

2020-02-26 20:35:36 - [TEST_STEP][PASSED] - delay(10): Delayed 10 second(s)

2020-02-26 20:35:46 - [MESSAGE][PASSED] - Delayed 10 second(s)

2020-02-26 20:35:46 - [TEST_STEP][PASSED] - scrollToPosition(0, 9): Browser is scrolled to position x = 0, y = 9

2020-02-26 20:35:46 - [MESSAGE][PASSED] - Browser is scrolled to position x = 0, y = 9

2020-02-26 20:35:46 - [TEST_STEP][PASSED] - delay(10): Delayed 10 second(s)

2020-02-26 20:35:56 - [MESSAGE][PASSED] - Delayed 10 second(s)

2020-02-26 20:35:56 - [TEST_STEP][PASSED] - scrollToPosition(0, 99): Browser is scrolled to position x = 0, y = 99

2020-02-26 20:35:56 - [MESSAGE][PASSED] - Browser is scrolled to position x = 0, y = 99

2020-02-26 20:35:56 - [TEST_STEP][PASSED] - delay(10): Delayed 10 second(s)

2020-02-26 20:36:06 - [MESSAGE][PASSED] - Delayed 10 second(s)

2020-02-26 20:36:06 - [TEST_STEP][PASSED] - scrollToPosition(0, 999): Browser is scrolled to position x = 0, y = 999

2020-02-26 20:36:06 - [MESSAGE][PASSED] - Browser is scrolled to position x = 0, y = 999

2020-02-26 20:36:06 - [TEST_STEP][PASSED] - delay(10): Delayed 10 second(s)

2020-02-26 20:36:16 - [MESSAGE][PASSED] - Delayed 10 second(s)

2020-02-26 20:36:16 - [TEST_STEP][PASSED] - scrollToPosition(0, 9999): Browser is scrolled to position x = 0, y = 9999

2020-02-26 20:36:16 - [MESSAGE][PASSED] - Browser is scrolled to position x = 0, y = 9999

2020-02-26 20:36:16 - [TEST_STEP][PASSED] - sendKeys(findTestObject(null), Keys.chord(HOME)): Test object id is null

2020-02-26 20:36:16 - [MESSAGE][WARNING] - Test object id is null]]></system-out>
         <system-err><![CDATA[2020-02-26 20:34:23 - [TEST_CASE][ERROR] - Test Cases/Maintenance 2: Test Cases/Maintenance 2 FAILED.
Reason:
groovy.lang.MissingPropertyException: No such property: Keys for class: Script1582713003263
	at Maintenance 2.run(Maintenance 2:118)
	at com.kms.katalon.core.main.ScriptEngine.run(ScriptEngine.java:194)
	at com.kms.katalon.core.main.ScriptEngine.runScriptAsRawText(ScriptEngine.java:119)
	at com.kms.katalon.core.main.TestCaseExecutor.runScript(TestCaseExecutor.java:337)
	at com.kms.katalon.core.main.TestCaseExecutor.doExecute(TestCaseExecutor.java:328)
	at com.kms.katalon.core.main.TestCaseExecutor.processExecutionPhase(TestCaseExecutor.java:307)
	at com.kms.katalon.core.main.TestCaseExecutor.accessMainPhase(TestCaseExecutor.java:299)
	at com.kms.katalon.core.main.TestCaseExecutor.execute(TestCaseExecutor.java:233)
	at com.kms.katalon.core.main.TestSuiteExecutor.accessTestCaseMainPhase(TestSuiteExecutor.java:169)
	at com.kms.katalon.core.main.TestSuiteExecutor.accessTestSuiteMainPhase(TestSuiteExecutor.java:142)
	at com.kms.katalon.core.main.TestSuiteExecutor.execute(TestSuiteExecutor.java:91)
	at com.kms.katalon.core.main.TestCaseMain.startTestSuite(TestCaseMain.java:157)
	at com.kms.katalon.core.main.TestCaseMain$startTestSuite$0.call(Unknown Source)
	at TempTestSuite1582723925888.run(TempTestSuite1582723925888.groovy:36)]]></system-err>
      </testcase>
      <system-out><![CDATA[2020-02-26 20:32:09 - [TEST_SUITE][ERROR] - Maintenance: Test Cases/Maintenance 1 FAILED.
Reason:
groovy.lang.MissingPropertyException: No such property: Keys for class: Script1582711128521
	at Maintenance 1.run(Maintenance 1:118)
	at com.kms.katalon.core.main.ScriptEngine.run(ScriptEngine.java:194)
	at com.kms.katalon.core.main.ScriptEngine.runScriptAsRawText(ScriptEngine.java:119)
	at com.kms.katalon.core.main.TestCaseExecutor.runScript(TestCaseExecutor.java:337)
	at com.kms.katalon.core.main.TestCaseExecutor.doExecute(TestCaseExecutor.java:328)
	at com.kms.katalon.core.main.TestCaseExecutor.processExecutionPhase(TestCaseExecutor.java:307)
	at com.kms.katalon.core.main.TestCaseExecutor.accessMainPhase(TestCaseExecutor.java:299)
	at com.kms.katalon.core.main.TestCaseExecutor.execute(TestCaseExecutor.java:233)
	at com.kms.katalon.core.main.TestSuiteExecutor.accessTestCaseMainPhase(TestSuiteExecutor.java:169)
	at com.kms.katalon.core.main.TestSuiteExecutor.accessTestSuiteMainPhase(TestSuiteExecutor.java:142)
	at com.kms.katalon.core.main.TestSuiteExecutor.execute(TestSuiteExecutor.java:91)
	at com.kms.katalon.core.main.TestCaseMain.startTestSuite(TestCaseMain.java:157)
	at com.kms.katalon.core.main.TestCaseMain$startTestSuite$0.call(Unknown Source)
	at TempTestSuite1582723925888.run(TempTestSuite1582723925888.groovy:36)]]></system-out>
      <system-err><![CDATA[2020-02-26 20:32:09 - [TEST_SUITE][ERROR] - Maintenance: Test Cases/Maintenance 1 FAILED.
Reason:
groovy.lang.MissingPropertyException: No such property: Keys for class: Script1582711128521
	at Maintenance 1.run(Maintenance 1:118)
	at com.kms.katalon.core.main.ScriptEngine.run(ScriptEngine.java:194)
	at com.kms.katalon.core.main.ScriptEngine.runScriptAsRawText(ScriptEngine.java:119)
	at com.kms.katalon.core.main.TestCaseExecutor.runScript(TestCaseExecutor.java:337)
	at com.kms.katalon.core.main.TestCaseExecutor.doExecute(TestCaseExecutor.java:328)
	at com.kms.katalon.core.main.TestCaseExecutor.processExecutionPhase(TestCaseExecutor.java:307)
	at com.kms.katalon.core.main.TestCaseExecutor.accessMainPhase(TestCaseExecutor.java:299)
	at com.kms.katalon.core.main.TestCaseExecutor.execute(TestCaseExecutor.java:233)
	at com.kms.katalon.core.main.TestSuiteExecutor.accessTestCaseMainPhase(TestSuiteExecutor.java:169)
	at com.kms.katalon.core.main.TestSuiteExecutor.accessTestSuiteMainPhase(TestSuiteExecutor.java:142)
	at com.kms.katalon.core.main.TestSuiteExecutor.execute(TestSuiteExecutor.java:91)
	at com.kms.katalon.core.main.TestCaseMain.startTestSuite(TestCaseMain.java:157)
	at com.kms.katalon.core.main.TestCaseMain$startTestSuite$0.call(Unknown Source)
	at TempTestSuite1582723925888.run(TempTestSuite1582723925888.groovy:36)]]></system-err>
   </testsuite>
</testsuites>
